<?xml version="1.0" encoding="UTF-8"?>
<robot generator="Robot 3.2.1 (Python 3.9.4 on win32)" generated="20210430 15:22:58.978" rpa="false">
<suite id="s1" name="Test ScreenShotJS" source="C:\Users\test\eclipse-workspace\CONCEPTION ET PROGRAMMATION II\Robot_Pratique_Synchro\Test_Cases\Test_ScreenShotJS.robot">
<test id="s1-t1" name="TC001_Login_SalesForces">
<kw name="Open Browser" library="SeleniumLibrary">
<doc>Opens a new browser instance to the optional ``url``.</doc>
<arguments>
<arg>https://login.salesforce.com/?locale=fr-ca</arg>
<arg>gc</arg>
</arguments>
<msg timestamp="20210430 15:22:59.111" level="INFO">Opening browser 'gc' to base url 'https://login.salesforce.com/?locale=fr-ca'.</msg>
<status status="PASS" starttime="20210430 15:22:59.111" endtime="20210430 15:23:00.951"></status>
</kw>
<kw name="Input Text" library="SeleniumLibrary">
<doc>Types the given ``text`` into the text field identified by ``locator``.</doc>
<arguments>
<arg>id=username</arg>
<arg>Admin</arg>
</arguments>
<msg timestamp="20210430 15:23:00.951" level="INFO">Typing text 'Admin' into text field 'id=username'.</msg>
<status status="PASS" starttime="20210430 15:23:00.951" endtime="20210430 15:23:00.996"></status>
</kw>
<kw name="Input Password" library="SeleniumLibrary">
<doc>Types the given password into the text field identified by ``locator``.</doc>
<arguments>
<arg>id=password</arg>
<arg>admin1234</arg>
</arguments>
<msg timestamp="20210430 15:23:00.997" level="INFO">Typing password into text field 'id=password'.</msg>
<msg timestamp="20210430 15:23:01.018" level="INFO">Temporally setting log level to: NONE</msg>
<msg timestamp="20210430 15:23:01.040" level="INFO">Log level changed from NONE to INFO.</msg>
<status status="PASS" starttime="20210430 15:23:00.996" endtime="20210430 15:23:01.040"></status>
</kw>
<kw name="Click Button" library="SeleniumLibrary">
<doc>Clicks the button identified by ``locator``.</doc>
<arguments>
<arg>id=Login</arg>
</arguments>
<msg timestamp="20210430 15:23:01.041" level="INFO">Clicking button 'id=Login'.</msg>
<status status="PASS" starttime="20210430 15:23:01.041" endtime="20210430 15:23:01.122"></status>
</kw>
<kw name="Capture Element Screenshot" library="SeleniumLibrary">
<doc>Captures a screenshot from the element identified by ``locator`` and embeds it into log file.</doc>
<arguments>
<arg>id=error</arg>
<arg>./Screenshot/error_login.png</arg>
</arguments>
<msg timestamp="20210430 15:23:01.237" level="INFO" html="yes">&lt;/td&gt;&lt;/tr&gt;&lt;tr&gt;&lt;td colspan="3"&gt;&lt;a href="Screenshot/error_login.png"&gt;&lt;img src="Screenshot/error_login.png" width="400px"&gt;&lt;/a&gt;</msg>
<status status="PASS" starttime="20210430 15:23:01.123" endtime="20210430 15:23:01.237"></status>
</kw>
<kw name="Capture Page Screenshot" library="SeleniumLibrary">
<doc>Takes a screenshot of the current page and embeds it into a log file.</doc>
<arguments>
<arg>./Screenshot/error_login_page.png</arg>
</arguments>
<msg timestamp="20210430 15:23:01.378" level="INFO" html="yes">&lt;/td&gt;&lt;/tr&gt;&lt;tr&gt;&lt;td colspan="3"&gt;&lt;a href="Screenshot/error_login_page.png"&gt;&lt;img src="Screenshot/error_login_page.png" width="800px"&gt;&lt;/a&gt;</msg>
<status status="PASS" starttime="20210430 15:23:01.237" endtime="20210430 15:23:01.378"></status>
</kw>
<kw name="Get Text" library="SeleniumLibrary">
<doc>Returns the text value of the element identified by ``locator``.</doc>
<arguments>
<arg>id=error</arg>
</arguments>
<assign>
<var>${Text}</var>
</assign>
<msg timestamp="20210430 15:23:01.389" level="INFO">${Text} = Vérifiez votre nom d'utilisateur et votre mot de passe. Si vous ne parvenez toujours pas à vous connecter, contactez votre administrateur Salesforce.</msg>
<status status="PASS" starttime="20210430 15:23:01.378" endtime="20210430 15:23:01.389"></status>
</kw>
<kw name="Log To Console" library="BuiltIn">
<doc>Logs the given message to the console.</doc>
<arguments>
<arg>${Text}</arg>
</arguments>
<status status="PASS" starttime="20210430 15:23:01.389" endtime="20210430 15:23:01.390"></status>
</kw>
<kw name="Sleep" library="BuiltIn">
<doc>Pauses the test executed for the given time.</doc>
<arguments>
<arg>2s</arg>
</arguments>
<msg timestamp="20210430 15:23:03.400" level="INFO">Slept 2 seconds</msg>
<status status="PASS" starttime="20210430 15:23:01.390" endtime="20210430 15:23:03.400"></status>
</kw>
<kw name="Close Browser" library="SeleniumLibrary">
<doc>Closes the current browser.</doc>
<status status="PASS" starttime="20210430 15:23:03.400" endtime="20210430 15:23:05.486"></status>
</kw>
<status status="PASS" starttime="20210430 15:22:59.110" endtime="20210430 15:23:05.486" critical="yes"></status>
</test>
<status status="PASS" starttime="20210430 15:22:58.979" endtime="20210430 15:23:05.487"></status>
</suite>
<statistics>
<total>
<stat pass="1" fail="0">Critical Tests</stat>
<stat pass="1" fail="0">All Tests</stat>
</total>
<tag>
</tag>
<suite>
<stat pass="1" fail="0" id="s1" name="Test ScreenShotJS">Test ScreenShotJS</stat>
</suite>
</statistics>
<errors>
</errors>
</robot>
